[2025-08-12 17:52:20,669: INFO: stage_02_data_validation: >>>>>> stage Data Validation Stage started <<<<<<]
[2025-08-12 17:52:20,670: ERROR: stage_02_data_validation: [Errno 2] No such file or directory: 'config\\config.yaml']
Traceback (most recent call last):
  File "D:\e2e_ML\src\mlProject\pipeline\stage_02_data_validation.py", line 24, in <module>
    obj.main()
    ~~~~~~~~^^
  File "D:\e2e_ML\src\mlProject\pipeline\stage_02_data_validation.py", line 15, in main
    config=ConfigurationManager()
  File "D:\e2e_ML\src\mlProject\config\configuration.py", line 19, in __init__
    self.config = read_yaml(config_filepath)
                  ~~~~~~~~~^^^^^^^^^^^^^^^^^
  File "C:\Users\himan\AppData\Local\Programs\Python\Python313\Lib\site-packages\ensure\main.py", line 849, in __call__
    return_val = self.f(*args, **kwargs)
  File "D:\e2e_ML\src\mlProject\utils\common.py", line 36, in read_yaml
    raise e
  File "D:\e2e_ML\src\mlProject\utils\common.py", line 29, in read_yaml
    with open(path_to_yaml) as yaml_file:
         ~~~~^^^^^^^^^^^^^^
FileNotFoundError: [Errno 2] No such file or directory: 'config\\config.yaml'
[2025-08-12 18:37:49,898: INFO: stage_02_data_validation: >>>>>> stage Data Validation Stage started <<<<<<]
[2025-08-12 18:37:49,899: ERROR: stage_02_data_validation: [Errno 2] No such file or directory: 'config\\config.yaml']
Traceback (most recent call last):
  File "D:\e2e_ML\src\mlProject\pipeline\stage_02_data_validation.py", line 24, in <module>
    obj.main()
    ~~~~~~~~^^
  File "D:\e2e_ML\src\mlProject\pipeline\stage_02_data_validation.py", line 15, in main
    config=ConfigurationManager()
  File "D:\e2e_ML\src\mlProject\config\configuration.py", line 19, in __init__
    self.config = read_yaml(config_filepath)
                  ~~~~~~~~~^^^^^^^^^^^^^^^^^
  File "C:\Users\himan\AppData\Local\Programs\Python\Python313\Lib\site-packages\ensure\main.py", line 849, in __call__
    return_val = self.f(*args, **kwargs)
  File "D:\e2e_ML\src\mlProject\utils\common.py", line 36, in read_yaml
    raise e
  File "D:\e2e_ML\src\mlProject\utils\common.py", line 29, in read_yaml
    with open(path_to_yaml) as yaml_file:
         ~~~~^^^^^^^^^^^^^^
FileNotFoundError: [Errno 2] No such file or directory: 'config\\config.yaml'
[2025-08-12 18:39:45,923: INFO: stage_01_data_ingestion: >>>>>> stage Data Ingestion stage started <<<<<<]
[2025-08-12 18:39:45,924: ERROR: stage_01_data_ingestion: [Errno 2] No such file or directory: 'config\\config.yaml']
Traceback (most recent call last):
  File "D:\e2e_ML\src\mlProject\pipeline\stage_01_data_ingestion.py", line 25, in <module>
    obj.main()
    ~~~~~~~~^^
  File "D:\e2e_ML\src\mlProject\pipeline\stage_01_data_ingestion.py", line 14, in main
    config = ConfigurationManager()
  File "D:\e2e_ML\src\mlProject\config\configuration.py", line 19, in __init__
    self.config = read_yaml(config_filepath)
                  ~~~~~~~~~^^^^^^^^^^^^^^^^^
  File "C:\Users\himan\AppData\Local\Programs\Python\Python313\Lib\site-packages\ensure\main.py", line 849, in __call__
    return_val = self.f(*args, **kwargs)
  File "D:\e2e_ML\src\mlProject\utils\common.py", line 36, in read_yaml
    raise e
  File "D:\e2e_ML\src\mlProject\utils\common.py", line 29, in read_yaml
    with open(path_to_yaml) as yaml_file:
         ~~~~^^^^^^^^^^^^^^
FileNotFoundError: [Errno 2] No such file or directory: 'config\\config.yaml'
